-------------------------------------------------------------------------------------------------------------------------------
      name:  <unnamed>
       log:  C:\Users\Pinotti\Dropbox\mafia\data\filesforEJ\results\data_for_Figure5.log
  log type:  text
 opened on:  13 Aug 2014, 17:36:21

. order gdpgwtNEW gdpgwtHIS gdpgwtOTH

. list 

     +----------------------------------------------------------------+
     | gdpgwt~W   gdpgwt~S   gdpg~OTH    decade   gdpg~NTH   gdpg~STH |
     |----------------------------------------------------------------|
  1. | .0724776    .062932   .0342521   1960-65   .0327708   .0554655 |
  2. | .0704392   .0681219   .0598254   1965-70   .0581235   .0838799 |
  3. | .0385126   .0355797   .0383101   1970-75   .0383949   .0362558 |
  4. |  .026839   .0280039   .0300537   1975-80   .0300509   .0313525 |
  5. |  .007213   .0084844   .0163264   1980-85   .0165863     .01413 |
     |----------------------------------------------------------------|
  6. | .0271778   .0191684   .0319265   1985-90   .0324591   .0246644 |
  7. | .0091252   .0094525   .0146989   1990-95   .0148219   .0129243 |
     +----------------------------------------------------------------+

. log close
      name:  <unnamed>
       log:  C:\Users\Pinotti\Dropbox\mafia\data\filesforEJ\results\data_for_Figure5.log
  log type:  text
 closed on:  13 Aug 2014, 17:36:21
-------------------------------------------------------------------------------------------------------------------------------
