-------------------------------------------------------------------------------------------------------------------------------
      name:  <unnamed>
       log:  C:\Users\Pinotti\Dropbox\mafia\data\filesforEJ\results\data_for_Figure2.log
  log type:  text
 opened on:  13 Aug 2014, 17:35:53

. list reg region mafia if reg<=20

     +----------------------------+
     | reg   region         mafia |
     |----------------------------|
  1. |   1      PIE   .0396584977 |
  2. |   2      VDA   .1370912112 |
  3. |   3      LOM   .0744356864 |
  4. |   4      TAA   .0398764327 |
  5. |   5      VEN   .0776993689 |
     |----------------------------|
  6. |   6      FVG   .0733508746 |
  7. |   7      LIG   .1287592859 |
  8. |   8      EMR   .0682240081 |
  9. |   9      TOS   .0992462891 |
 10. |  10      UMB   .0480955805 |
     |----------------------------|
 11. |  11      MAR   .0552530453 |
 12. |  12      LAZ   .1550647728 |
 13. |  13      ABR   .0696030121 |
 14. |  14      MOL   .1449813325 |
 15. |  15      CAM   .9444847577 |
     |----------------------------|
 16. |  16      PUG   .3570749732 |
 17. |  17      BAS   .3546403754 |
 18. |  18      CAL    1.81075889 |
 19. |  19      SIC   1.097554576 |
 20. |  20      SAR   .0562610959 |
     +----------------------------+

. log close
      name:  <unnamed>
       log:  C:\Users\Pinotti\Dropbox\mafia\data\filesforEJ\results\data_for_Figure2.log
  log type:  text
 closed on:  13 Aug 2014, 17:35:53
-------------------------------------------------------------------------------------------------------------------------------
