-------------------------------------------------------------------------------------------------------------------------------
      name:  <unnamed>
       log:  C:\Users\Pinotti\Dropbox\mafia\data\filesforEJ\results\Table2.log
  log type:  text
 opened on:  13 Aug 2014, 17:36:29

. list treatgdp synthgdp gapgdp treatmurd synthmurd gapmurd if year==1974

     +---------------------------------------------------------------------+
     | treatgdp   synthg~1      gapgdp     treatmurd   synthm~1    gapmurd |
     |---------------------------------------------------------------------|
 24. | 5990.291   6054.318   -1.057548   1.022168037   .9371094   .0850587 |
     +---------------------------------------------------------------------+

. list treatgdp synthgdp gapgdp treatmurd synthmurd gapmurd if year==1979

     +--------------------------------------------------------------------+
     | treatgdp   synthg~1     gapgdp     treatmurd   synthm~1    gapmurd |
     |--------------------------------------------------------------------|
 29. | 6832.802   7477.641   -8.62356   3.591184898   2.060408   1.530777 |
     +--------------------------------------------------------------------+

. list treatgdp synthgdp gapgdp treatmurd synthmurd gapmurd if year==1989

     +---------------------------------------------------------------------+
     | treatgdp   synthg~1      gapgdp     treatmurd   synthm~1    gapmurd |
     |---------------------------------------------------------------------|
 39. | 8084.184   9573.059   -15.55276   2.599874609    .618418   1.981457 |
     +---------------------------------------------------------------------+

. list treatgdp synthgdp gapgdp treatmurd synthmurd gapmurd if year==2007

     +---------------------------------------------------------------------+
     | treatgdp   synthg~1      gapgdp     treatmurd   synthm~1    gapmurd |
     |---------------------------------------------------------------------|
 57. | 10140.87   11998.35   -15.48109   1.006952903   .6585596   .3483934 |
     +---------------------------------------------------------------------+

. collapse treatgdp synthgdp gapgdp treatmurd synthmurd gapmurd, by(period)

. order period treatgdp synthgdp gapgdp treatmurd synthmurd gapmurd

. list

     +---------------------------------------------------------------------------------+
     |    period   treatgdp   synthg~1      gapgdp     treatmurd   synthm~1    gapmurd |
     |---------------------------------------------------------------------------------|
  1. | 1951-1960   2394.996   2402.904   -.1966606    1.77038742   1.404299   .3660889 |
  2. | 1961-1970   3989.258   3938.134    1.119986   1.056806779    .712087   .3447198 |
  3. | 1971-1975   5736.656   5775.582    -.647463   1.587290955    .920238    .667053 |
  4. | 1976-1980    6558.92   7084.381   -7.179273   4.132852124    1.59283   2.540022 |
  5. | 1981-1990   7353.211   8656.188   -15.00308   2.312654828    1.16338   1.149275 |
     |---------------------------------------------------------------------------------|
  6. | 1991-2000    8754.28   10493.08   -16.58876   2.322040846   .5987856   1.723255 |
  7. | 2001-2007   9894.926   11801.76    -16.1562   1.181120706    .657533   .5235877 |
     +---------------------------------------------------------------------------------+

. log close 
      name:  <unnamed>
       log:  C:\Users\Pinotti\Dropbox\mafia\data\filesforEJ\results\Table2.log
  log type:  text
 closed on:  13 Aug 2014, 17:36:29
-------------------------------------------------------------------------------------------------------------------------------
