-------------------------------------------------------------------------------------------------------------------------------
      name:  <unnamed>
       log:  C:\Users\Pinotti\Dropbox\mafia\data\filesforEJ\results\Table3.log
  log type:  text
 opened on:  13 Aug 2014, 17:36:35

. * Table 3.a
. list treatgdp synthgdp if year==2007

     +---------------------+
     | treatgdp   synthgdp |
     |---------------------|
 57. | 10147.32   12064.64 |
     +---------------------+

. list treatgdp6170 synthgdp6170 if year==1970

     +---------------------+
     | tre~6170   syn~6170 |
     |---------------------|
 20. | 4058.764   4017.423 |
     +---------------------+

. mat list e(X_balance)

e(X_balance)[8,2]
             Treated  Synthetic
gdppercap  2450.9298  2455.6393
  invrate  .26386172  .23946167
   shvain  .21025874  .22297808
   shvaag  .15193921  .14749457
   shvams  .40378132    .396921
  shvanms  .23402067  .23260637
  shskill  .17386371  .18546009
  density  171.34441  111.00802

. log off 
      name:  <unnamed>
       log:  C:\Users\Pinotti\Dropbox\mafia\data\filesforEJ\results\Table3.log
  log type:  text
 paused on:  13 Aug 2014, 17:36:35
-------------------------------------------------------------------------------------------------------------------------------
-------------------------------------------------------------------------------------------------------------------------------
      name:  <unnamed>
       log:  C:\Users\Pinotti\Dropbox\mafia\data\filesforEJ\results\Table3.log
  log type:  text
resumed on:  13 Aug 2014, 17:37:44

. * Table 3.b
. list treatgdp synthgdp if year==2007

     +---------------------+
     | treatgdp   synthgdp |
     |---------------------|
 57. | 10096.43    11772.3 |
     +---------------------+

. list treatgdp6170 synthgdp6170 if year==1970

     +---------------------+
     | tre~6170   syn~6170 |
     |---------------------|
 20. | 3603.001   3667.774 |
     +---------------------+

. mat list e(X_balance)

e(X_balance)[8,2]
             Treated  Synthetic
gdppercap  2103.9329  2223.0842
  invrate   .6742115   .2065782
   shvain  .24690509  .21630093
   shvaag   .1502751  .17805642
   shvams   .3889271  .37241378
  shvanms  .21389271  .23322883
  shskill  .11513513  .16494088
  density  63.916663  87.280262

. log off
      name:  <unnamed>
       log:  C:\Users\Pinotti\Dropbox\mafia\data\filesforEJ\results\Table3.log
  log type:  text
 paused on:  13 Aug 2014, 17:37:44
-------------------------------------------------------------------------------------------------------------------------------
-------------------------------------------------------------------------------------------------------------------------------
      name:  <unnamed>
       log:  C:\Users\Pinotti\Dropbox\mafia\data\filesforEJ\results\Table3.log
  log type:  text
resumed on:  13 Aug 2014, 17:37:47

. * Table 3.c
. list treatgdp synthgdp if year==2007

     +---------------------+
     | treatgdp   synthgdp |
     |---------------------|
 57. | 10140.87   12134.56 |
     +---------------------+

. list treatgdp6170 synthgdp6170 if year==1970

     +---------------------+
     | tre~6170   syn~6170 |
     |---------------------|
 20. | 3989.258   4101.043 |
     +---------------------+

. mat list e(X_balance)

e(X_balance)[8,2]
             Treated  Synthetic
gdppercap  2394.9956  2511.2566
  invrate  .31629604    .247326
   shvain  .21547881  .22457497
   shvaag  .15170218  .14018548
   shvams  .40166542  .40278208
  shvanms  .23115355   .2324575
  shskill  .16548637  .19036742
  density  134.77887  116.68269

. log off
      name:  <unnamed>
       log:  C:\Users\Pinotti\Dropbox\mafia\data\filesforEJ\results\Table3.log
  log type:  text
 paused on:  13 Aug 2014, 17:37:47
-------------------------------------------------------------------------------------------------------------------------------
-------------------------------------------------------------------------------------------------------------------------------
      name:  <unnamed>
       log:  C:\Users\Pinotti\Dropbox\mafia\data\filesforEJ\results\Table3.log
  log type:  text
resumed on:  13 Aug 2014, 17:38:13

. * Table 3.d
. list treatgdp synthgdp if year==2007

     +---------------------+
     | treatgdp   synthgdp |
     |---------------------|
 57. | 10140.87   11444.57 |
     +---------------------+

. list treatgdp6170 synthgdp6170 if year==1970

     +---------------------+
     | tre~6170   syn~6170 |
     |---------------------|
 20. | 3989.258   3893.047 |
     +---------------------+

. mat list e(X_balance)

e(X_balance)[8,2]
             Treated  Synthetic
gdppercap  2394.9956  2408.3698
  invrate  .31629604  .24119083
   shvain  .21547881  .23693996
   shvaag  .15170218   .1658334
   shvams  .40166542  .36207757
  shvanms  .23115355  .23514904
  shskill  .16548637  .16393496
  density  134.77887  79.544046

. log off
      name:  <unnamed>
       log:  C:\Users\Pinotti\Dropbox\mafia\data\filesforEJ\results\Table3.log
  log type:  text
 paused on:  13 Aug 2014, 17:38:13
-------------------------------------------------------------------------------------------------------------------------------
-------------------------------------------------------------------------------------------------------------------------------
      name:  <unnamed>
       log:  C:\Users\Pinotti\Dropbox\mafia\data\filesforEJ\results\Table3.log
  log type:  text
resumed on:  13 Aug 2014, 17:38:41

. * Table 3.e
. list treatgdp synthgdp if year==2007

     +---------------------+
     | treatgdp   synthgdp |
     |---------------------|
 57. | 10140.87   11808.85 |
     +---------------------+

. list treatgdp6170 synthgdp6170 if year==1970

     +---------------------+
     | tre~6170   syn~6170 |
     |---------------------|
 20. | 3989.258   3924.272 |
     +---------------------+

. mat list e(X_balance)

e(X_balance)[10,2]
             Treated  Synthetic
gdppercap  2394.9956  2405.5246
  invrate  .31629604  .23524158
   shvain  .21547881  .22640936
   shvaag  .15170218  .15758631
   shvams  .40166542  .38171082
  shvanms  .23115355  .23329351
  shskill  .16548637  .17537954
  density  134.77887  97.299562
     murd  1.7703874   1.637527
robkidext   9.272217  5.3938646

. log off
      name:  <unnamed>
       log:  C:\Users\Pinotti\Dropbox\mafia\data\filesforEJ\results\Table3.log
  log type:  text
 paused on:  13 Aug 2014, 17:38:41
-------------------------------------------------------------------------------------------------------------------------------
-------------------------------------------------------------------------------------------------------------------------------
      name:  <unnamed>
       log:  C:\Users\Pinotti\Dropbox\mafia\data\filesforEJ\results\Table3.log
  log type:  text
resumed on:  13 Aug 2014, 17:38:49

. * Table 3.f
. list treatgdp synthgdp if year==2007

     +---------------------+
     | treatgdp   synthgdp |
     |---------------------|
 57. | 10140.87   12654.62 |
     +---------------------+

. list treatgdp6170 synthgdp6170 if year==1970

     +---------------------+
     | tre~6170   syn~6170 |
     |---------------------|
 20. | 3989.258   4108.157 |
     +---------------------+

. mat list e(X_balance)

e(X_balance)[8,2]
             Treated  Synthetic
gdppercap  3701.0325  3725.5582
  invrate   .2871707  .26357208
   shvain  .24300071  .25868099
   shvaag  .13612793  .12971092
   shvams  .39932345  .39129402
  shvanms  .22154791  .22031406
  shskill  .30243772  .33063407
  density  139.27489  105.75691

. log close
      name:  <unnamed>
       log:  C:\Users\Pinotti\Dropbox\mafia\data\filesforEJ\results\Table3.log
  log type:  text
 closed on:  13 Aug 2014, 17:38:49
-------------------------------------------------------------------------------------------------------------------------------
